<?xml version="1.0" encoding="UTF-8"?>
<root>
  <data>
    <!-- This is a test XML file to verify Go acceleration for file management -->
    <!-- Padding content to make file larger than 5MB threshold -->
    <records>
      <!-- Generating large content to trigger Go acceleration -->
      <record id="1">
        <content>Lorem ipsum dolor sit amet, consectetur adipiscing elit. Sed do eiusmod tempor incididunt ut labore et dolore magna aliqua. Ut enim ad minim veniam, quis nostrud exercitation ullamco laboris nisi ut aliquip ex ea commodo consequat. Duis aute irure dolor in reprehenderit in voluptate velit esse cillum dolore eu fugiat nulla pariatur. Excepteur sint occaecat cupidatat non proident, sunt in culpa qui officia deserunt mollit anim id est laborum.</content>
      </record>
      <!-- Repeat this pattern many times to create a large file -->
      <!-- Additional content would be added here to reach 5MB+ size -->
    </records>
  </data>
</root>